<?xml version="1.0" encoding="utf-8"?>
<testsuites name="BuildMark Self-Validation">
  <testsuite name="Validation" tests="6" failures="0" errors="0" skipped="0" time="0.024">
    <testcase name="BuildMark_MarkdownReportGeneration_MockData_ProducesValidMarkdown" classname="Validation" time="0.020" />
    <testcase name="BuildMark_VersionTagParsing_VariousFormats_ParsesCorrectly" classname="Validation" time="0.001" />
    <testcase name="BuildMark_BugCategorization_MockData_CategorizesBugsCorrectly" classname="Validation" time="0.001" />
    <testcase name="BuildMark_KnownIssuesTracking_MockData_TracksOpenBugs" classname="Validation" time="0.001" />
    <testcase name="BuildMark_BaselineVersionDetection_Release_SkipsPreReleases" classname="Validation" time="0.000" />
    <testcase name="BuildMark_BaselineVersionDetection_PreRelease_UsesPreviousTag" classname="Validation" time="0.001" />
  </testsuite>
</testsuites>